2020-08-31T08:58:19+00:00 INFO Queuing 3.0.0 - wc_update_300_webhooks
2020-08-31T08:58:19+00:00 INFO Queuing 3.0.0 - wc_update_300_grouped_products
2020-08-31T08:58:19+00:00 INFO Queuing 3.0.0 - wc_update_300_settings
2020-08-31T08:58:19+00:00 INFO Queuing 3.0.0 - wc_update_300_product_visibility
2020-08-31T08:58:19+00:00 INFO Queuing 3.0.0 - wc_update_300_db_version
2020-08-31T08:58:19+00:00 INFO Queuing 3.1.0 - wc_update_310_downloadable_products
2020-08-31T08:58:19+00:00 INFO Queuing 3.1.0 - wc_update_310_old_comments
2020-08-31T08:58:19+00:00 INFO Queuing 3.1.0 - wc_update_310_db_version
2020-08-31T08:58:19+00:00 INFO Queuing 3.1.2 - wc_update_312_shop_manager_capabilities
2020-08-31T08:58:19+00:00 INFO Queuing 3.1.2 - wc_update_312_db_version
2020-08-31T08:58:21+00:00 INFO Running wc_update_300_webhooks callback
2020-08-31T08:58:21+00:00 INFO Finished wc_update_300_webhooks callback
2020-08-31T08:58:21+00:00 INFO Running wc_update_300_grouped_products callback
2020-08-31T08:58:21+00:00 INFO Finished wc_update_300_grouped_products callback
2020-08-31T08:58:21+00:00 INFO Running wc_update_300_settings callback
2020-08-31T08:58:21+00:00 INFO Finished wc_update_300_settings callback
2020-08-31T08:58:21+00:00 INFO Running wc_update_300_product_visibility callback
2020-08-31T08:58:21+00:00 INFO Finished wc_update_300_product_visibility callback
2020-08-31T08:58:21+00:00 INFO Running wc_update_300_db_version callback
2020-08-31T08:58:21+00:00 INFO Finished wc_update_300_db_version callback
2020-08-31T08:58:21+00:00 INFO Running wc_update_310_downloadable_products callback
2020-08-31T08:58:21+00:00 INFO Finished wc_update_310_downloadable_products callback
2020-08-31T08:58:21+00:00 INFO Running wc_update_310_old_comments callback
2020-08-31T08:58:21+00:00 INFO Finished wc_update_310_old_comments callback
2020-08-31T08:58:21+00:00 INFO Running wc_update_310_db_version callback
2020-08-31T08:58:21+00:00 INFO Finished wc_update_310_db_version callback
2020-08-31T08:58:21+00:00 INFO Running wc_update_312_shop_manager_capabilities callback
2020-08-31T08:58:21+00:00 INFO Finished wc_update_312_shop_manager_capabilities callback
2020-08-31T08:58:21+00:00 INFO Running wc_update_312_db_version callback
2020-08-31T08:58:21+00:00 INFO Finished wc_update_312_db_version callback
2020-08-31T08:58:21+00:00 INFO Data update complete
